<?xml version="1.0" encoding="UTF-8"?>
<!-- Generated by org.testng.reporters.JUnitXMLReporter -->
<testsuite ignored="0" hostname="LAPTOP-FM1SC1QQ" failures="0" tests="4" name="Default test" time="0.094" errors="0" timestamp="2021-04-08T14:14:36 IST">
  <testcase classname="projectClass.ProjectGit" name="address" time="0.016"/>
  <testcase classname="projectClass.ProjectGit" name="address2" time="0.003"/>
  <testcase classname="projectClass.ProjectGit" name="address3" time="0.003"/>
  <testcase classname="projectClass.ProjectGit" name="address4" time="0.002"/>
</testsuite> <!-- Default test -->
