<?xml version="1.0" encoding="UTF-8"?>
<testng-results ignored="0" total="4" passed="4" failed="0" skipped="0">
  <reporter-output>
  </reporter-output>
  <suite started-at="2021-04-08T14:14:36 IST" name="Default suite" finished-at="2021-04-08T14:14:36 IST" duration-ms="94">
    <groups>
    </groups>
    <test started-at="2021-04-08T14:14:36 IST" name="Default test" finished-at="2021-04-08T14:14:36 IST" duration-ms="94">
      <class name="projectClass.ProjectGit">
        <test-method signature="address()[pri:0, instance:projectClass.ProjectGit@6a6afff2]" started-at="2021-04-08T14:14:36 IST" name="address" finished-at="2021-04-08T14:14:36 IST" duration-ms="16" status="PASS">
          <reporter-output>
          </reporter-output>
        </test-method> <!-- address -->
        <test-method signature="address2()[pri:0, instance:projectClass.ProjectGit@6a6afff2]" started-at="2021-04-08T14:14:36 IST" name="address2" finished-at="2021-04-08T14:14:36 IST" duration-ms="3" status="PASS">
          <reporter-output>
          </reporter-output>
        </test-method> <!-- address2 -->
        <test-method signature="address3()[pri:0, instance:projectClass.ProjectGit@6a6afff2]" started-at="2021-04-08T14:14:36 IST" name="address3" finished-at="2021-04-08T14:14:36 IST" duration-ms="3" status="PASS">
          <reporter-output>
          </reporter-output>
        </test-method> <!-- address3 -->
        <test-method signature="address4()[pri:0, instance:projectClass.ProjectGit@6a6afff2]" started-at="2021-04-08T14:14:36 IST" name="address4" finished-at="2021-04-08T14:14:36 IST" duration-ms="2" status="PASS">
          <reporter-output>
          </reporter-output>
        </test-method> <!-- address4 -->
      </class> <!-- projectClass.ProjectGit -->
    </test> <!-- Default test -->
  </suite> <!-- Default suite -->
</testng-results>
